<?xml version="1.0" encoding="UTF-8"?>
<!-- Generated by org.testng.reporters.JUnitXMLReporter -->
<testsuite ignored="0" hostname="Mahak" failures="2" tests="2" name="LoginPageTest" time="0.314" errors="0" timestamp="2023-12-12T00:35:38 GMT">
  <testcase classname="com.tutorialsninja.demo.testsuite.AccountLoginPageTest" name="verifyThatUserShouldLoginAndLogoutSuccessfully" time="0.008">
    <failure type="java.lang.NullPointerException" message="Cannot invoke &amp;quot;com.tutorialsninja.demo.pages.HomePage.clickOnMyQAccountTab()&amp;quot; because &amp;quot;this.homePage&amp;quot; is null">
      <![CDATA[java.lang.NullPointerException: Cannot invoke "com.tutorialsninja.demo.pages.HomePage.clickOnMyQAccountTab()" because "this.homePage" is null
at com.tutorialsninja.demo.testsuite.AccountLoginPageTest.verifyThatUserShouldLoginAndLogoutSuccessfully(AccountLoginPageTest.java:50)
at java.base/java.util.ArrayList.forEach(ArrayList.java:1511)
at com.intellij.rt.testng.IDEARemoteTestNG.run(IDEARemoteTestNG.java:66)
at com.intellij.rt.testng.RemoteTestNGStarter.main(RemoteTestNGStarter.java:105)
... Removed 24 stack frames]]>
    </failure>
  </testcase> <!-- verifyThatUserShouldLoginAndLogoutSuccessfully -->
  <testcase classname="com.tutorialsninja.demo.testsuite.AccountLoginPageTest" name="verifyThatUserShouldLoginAndLogoutSuccessfully" time="0.025">
    <failure type="java.lang.NullPointerException" message="Cannot invoke &amp;quot;org.openqa.selenium.TakesScreenshot.getScreenshotAs(org.openqa.selenium.OutputType)&amp;quot; because &amp;quot;screenshot&amp;quot; is null">
      <![CDATA[java.lang.NullPointerException: Cannot invoke "org.openqa.selenium.TakesScreenshot.getScreenshotAs(org.openqa.selenium.OutputType)" because "screenshot" is null
at com.tutorialsninja.demo.utility.Utility.takeScreenShot(Utility.java:352)
at com.tutorialsninja.demo.customlisteners.CustomListeners.onTestFailure(CustomListeners.java:34)
at java.base/java.util.ArrayList.forEach(ArrayList.java:1511)
at com.intellij.rt.testng.IDEARemoteTestNG.run(IDEARemoteTestNG.java:66)
at com.intellij.rt.testng.RemoteTestNGStarter.main(RemoteTestNGStarter.java:105)
... Removed 21 stack frames]]>
    </failure>
  </testcase> <!-- verifyThatUserShouldLoginAndLogoutSuccessfully -->
</testsuite> <!-- LoginPageTest -->
